<?xml version="1.0" encoding="UTF-8"?>
<testng-results skipped="0" failed="0" total="1" passed="1">
  <reporter-output>
  </reporter-output>
  <suite name="Suite" duration-ms="38914" started-at="2016-12-24T13:21:55Z" finished-at="2016-12-24T13:22:33Z">
    <groups>
    </groups>
    <test name="Test" duration-ms="38914" started-at="2016-12-24T13:21:55Z" finished-at="2016-12-24T13:22:33Z">
      <class name="com.testng.chrome.Chrome">
        <test-method status="PASS" signature="GoogleChrome()[pri:0, instance:com.testng.chrome.Chrome@6bb8338e]" name="GoogleChrome" duration-ms="38862" started-at="2016-12-24T18:51:55Z" finished-at="2016-12-24T18:52:33Z">
          <reporter-output>
          </reporter-output>
        </test-method> <!-- GoogleChrome -->
      </class> <!-- com.testng.chrome.Chrome -->
    </test> <!-- Test -->
  </suite> <!-- Suite -->
</testng-results>
